<?xml version="1.0" encoding="UTF-8"?>
<!-- Generated by org.testng.reporters.JUnitReportReporter -->
<testsuite hostname="LAPTOP-FCQ7STJS" failures="0" tests="4" name="runners.TestRunner" time="2.616" errors="0" timestamp="2024-07-29T09:47:43 IST" skipped="0">
  <testcase classname="runners.TestRunner" name="runScenario" time="0.133"/>
  <system-out/>
  <testcase classname="runners.TestRunner" name="runScenario" time="0.166"/>
  <system-out/>
  <testcase classname="runners.TestRunner" name="runScenario" time="0.130"/>
  <system-out/>
  <testcase classname="runners.TestRunner" name="runScenario" time="2.187"/>
  <system-out/>
</testsuite> <!-- runners.TestRunner -->
